<?xml version="1.0" encoding="UTF-8"?>
<Site BuildName="(empty)"
	BuildStamp="20250728-2122-Experimental"
	Name="(empty)"
	Generator="ctest-3.22.1"
	CompilerName=""
	CompilerVersion=""
	OSName="Linux"
	Hostname="660d108c5e79"
	OSRelease="5.15.167.4-microsoft-standard-WSL2"
	OSVersion="#1 SMP Tue Nov 5 00:21:55 UTC 2024"
	OSPlatform="x86_64"
	Is64Bits="1"
	VendorString="GenuineIntel"
	VendorID="Intel Corporation"
	FamilyID="6"
	ModelID="140"
	ProcessorCacheSize="8192"
	NumberOfLogicalCPU="8"
	NumberOfPhysicalCPU="4"
	TotalVirtualMemory="1024"
	TotalPhysicalMemory="3856"
	LogicalProcessorsPerPhysical="2"
	ProcessorClockFrequency="1382.4"
	>
	<Testing>
		<StartDateTime>Jul 28 22:12 UTC</StartDateTime>
		<StartTestTime>1753740732</StartTestTime>
		<TestList/>
		<EndDateTime>Jul 28 22:12 UTC</EndDateTime>
		<EndTestTime>1753740732</EndTestTime>
		<ElapsedMinutes>0</ElapsedMinutes>
	</Testing>
</Site>
